Task 3: dataset=bbh+gpqa+ifeval+math+musr budget=0.25
Dataset: bbh+gpqa+ifeval+math+musr, budget: 0.25 (n=2393, N=9574)
Hyperparameters: beta0=1.0, rho=0.0, gamma=0.0, tau=0.25
Running 100 seeds with log_profile=True...
  seed 10/100 done
  seed 20/100 done
  seed 30/100 done
  seed 40/100 done
  seed 50/100 done
  seed 60/100 done
  seed 70/100 done
  seed 80/100 done
  seed 90/100 done
  seed 100/100 done

============================================================
RESULTS
============================================================
n (budget)            = 2393
N (questions)         = 9574
θ (true mean)         = 0.4121
ψ̄₁ (initial model)    = 0.3856
σ̄² (avg cond var)     = 0.058844

Λ (exact weights)     = 25.167
Λ (from mean profile) = 25.167
Λ (harmonic approx)   = 22.291
H_{n-1} (stationary)  = 8.357
Λ / H_{n-1}           = 3.01x
Λ_excess              = 16.810
Λ₃ (initial model)    = 0.012
Λ − Λ₃               = 25.155

Λ/n (relative bias)   = 0.0105
H_{n-1}/n (stationary)= 0.0035

z·φ(z) prefactor      = 0.1146
Predicted ε           = 0.0053
Predicted coverage    = 0.9488
  (from mean profile) = 0.9488
Actual coverage       = 0.9487 +/- 0.0005
Difference            = 0.0001

PASS: Prediction matches actual coverage within +/-0.01

Variance profile v_s (averaged over seeds):
  v_1 (first step)    = 0.230798
  v_{n/2}              = 0.049384
  v_n (last step)     = 0.031358
  v_1 / v_n ratio     = 7.36
  w_1 (first weight)  = 1.6445
  w_{n/2}              = 0.000418
  H_{n-1} (= sum w)   = 8.3573
