Task 0: dataset=mmlu-pro budget=0.1
Dataset: mmlu-pro, budget: 0.1 (n=1203, N=12032)
Hyperparameters: beta0=1.0, rho=0.0, gamma=0.0, tau=0.05
Running 100 seeds with log_profile=True...
  seed 10/100 done
  seed 20/100 done
  seed 30/100 done
  seed 40/100 done
  seed 50/100 done
  seed 60/100 done
  seed 70/100 done
  seed 80/100 done
  seed 90/100 done
  seed 100/100 done

============================================================
RESULTS
============================================================
n (budget)            = 1203
N (questions)         = 12032
θ (true mean)         = 0.3386
ψ̄₁ (initial model)    = 0.2906
σ̄² (avg cond var)     = 0.059888

Λ (exact weights)     = 24.666
Λ (from mean profile) = 24.666
Λ (harmonic approx)   = 21.309
H_{n-1} (stationary)  = 7.669
Λ / H_{n-1}           = 3.22x
Λ_excess              = 16.997
Λ₃ (initial model)    = 0.038
Λ − Λ₃               = 24.628

Λ/n (relative bias)   = 0.0205
H_{n-1}/n (stationary)= 0.0064

z·φ(z) prefactor      = 0.1146
Predicted ε           = 0.0102
Predicted coverage    = 0.9477
  (from mean profile) = 0.9477
Actual coverage       = 0.9459 +/- 0.0005
Difference            = 0.0018

PASS: Prediction matches actual coverage within +/-0.01

Variance profile v_s (averaged over seeds):
  v_1 (first step)    = 0.267483
  v_{n/2}              = 0.048413
  v_n (last step)     = 0.037444
  v_1 / v_n ratio     = 7.14
  w_1 (first weight)  = 1.6441
  w_{n/2}              = 0.000834
  H_{n-1} (= sum w)   = 7.6694
