Task 2: dataset=bbh+gpqa+ifeval+math+musr budget=0.1
Dataset: bbh+gpqa+ifeval+math+musr, budget: 0.1 (n=957, N=9574)
Hyperparameters: beta0=1.0, rho=0.0, gamma=0.0, tau=0.25
Running 100 seeds with log_profile=True...
  seed 10/100 done
  seed 20/100 done
  seed 30/100 done
  seed 40/100 done
  seed 50/100 done
  seed 60/100 done
  seed 70/100 done
  seed 80/100 done
  seed 90/100 done
  seed 100/100 done

============================================================
RESULTS
============================================================
n (budget)            = 957
N (questions)         = 9574
θ (true mean)         = 0.4121
ψ̄₁ (initial model)    = 0.3856
σ̄² (avg cond var)     = 0.084543

Λ (exact weights)     = 16.741
Λ (from mean profile) = 16.741
Λ (harmonic approx)   = 15.044
H_{n-1} (stationary)  = 7.440
Λ / H_{n-1}           = 2.25x
Λ_excess              = 9.301
Λ₃ (initial model)    = 0.008
Λ − Λ₃               = 16.733

Λ/n (relative bias)   = 0.0175
H_{n-1}/n (stationary)= 0.0078

z·φ(z) prefactor      = 0.1146
Predicted ε           = 0.0087
Predicted coverage    = 0.9480
  (from mean profile) = 0.9480
Actual coverage       = 0.9469 +/- 0.0005
Difference            = 0.0011

PASS: Prediction matches actual coverage within +/-0.01

Variance profile v_s (averaged over seeds):
  v_1 (first step)    = 0.230798
  v_{n/2}              = 0.070795
  v_n (last step)     = 0.054484
  v_1 / v_n ratio     = 4.24
  w_1 (first weight)  = 1.6439
  w_{n/2}              = 0.001049
  H_{n-1} (= sum w)   = 7.4405
